  AIPlayer.cpp
  Bishop.cpp
F:\GithubRepository\OOP-Project-ChessGame\ChessGame\ChessGame\Bishop.cpp(26,99): warning C4244: 'argument': conversion from 'int' to 'float', possible loss of data
F:\GithubRepository\OOP-Project-ChessGame\ChessGame\ChessGame\Bishop.cpp(26,42): warning C4244: 'argument': conversion from 'int' to 'float', possible loss of data
  ChessBoard.cpp
F:\GithubRepository\OOP-Project-ChessGame\ChessGame\ChessGame\ChessBoard.cpp(15,29): warning C4553: '==': result of expression not used; did you intend '='?
F:\GithubRepository\OOP-Project-ChessGame\ChessGame\ChessGame\ChessBoard.cpp(138,138): warning C4244: 'argument': conversion from 'int' to 'float', possible loss of data
F:\GithubRepository\OOP-Project-ChessGame\ChessGame\ChessGame\ChessBoard.cpp(138,51): warning C4244: 'argument': conversion from 'int' to 'float', possible loss of data
F:\GithubRepository\OOP-Project-ChessGame\ChessGame\ChessGame\ChessBoard.cpp(143,138): warning C4244: 'argument': conversion from 'int' to 'float', possible loss of data
F:\GithubRepository\OOP-Project-ChessGame\ChessGame\ChessGame\ChessBoard.cpp(143,51): warning C4244: 'argument': conversion from 'int' to 'float', possible loss of data
F:\GithubRepository\OOP-Project-ChessGame\ChessGame\ChessGame\ChessBoard.cpp(153,138): warning C4244: 'argument': conversion from 'int' to 'float', possible loss of data
F:\GithubRepository\OOP-Project-ChessGame\ChessGame\ChessGame\ChessBoard.cpp(153,51): warning C4244: 'argument': conversion from 'int' to 'float', possible loss of data
F:\GithubRepository\OOP-Project-ChessGame\ChessGame\ChessGame\ChessBoard.cpp(158,138): warning C4244: 'argument': conversion from 'int' to 'float', possible loss of data
F:\GithubRepository\OOP-Project-ChessGame\ChessGame\ChessGame\ChessBoard.cpp(158,51): warning C4244: 'argument': conversion from 'int' to 'float', possible loss of data
F:\GithubRepository\OOP-Project-ChessGame\ChessGame\ChessGame\ChessBoard.cpp(178,107): warning C4244: 'argument': conversion from 'int' to 'T', possible loss of data
          with
          [
              T=float
          ]
F:\GithubRepository\OOP-Project-ChessGame\ChessGame\ChessGame\ChessBoard.cpp(178,60): warning C4244: 'argument': conversion from 'int' to 'T', possible loss of data
          with
          [
              T=float
          ]
F:\GithubRepository\OOP-Project-ChessGame\ChessGame\ChessGame\ChessBoard.cpp(196,20): warning C4018: '<': signed/unsigned mismatch
F:\GithubRepository\OOP-Project-ChessGame\ChessGame\ChessGame\ChessBoard.cpp(198,89): warning C4244: 'argument': conversion from 'int' to 'float', possible loss of data
F:\GithubRepository\OOP-Project-ChessGame\ChessGame\ChessGame\ChessBoard.cpp(201,100): warning C4244: 'argument': conversion from 'int' to 'float', possible loss of data
F:\GithubRepository\OOP-Project-ChessGame\ChessGame\ChessGame\ChessBoard.cpp(207,20): warning C4018: '<': signed/unsigned mismatch
F:\GithubRepository\OOP-Project-ChessGame\ChessGame\ChessGame\ChessBoard.cpp(209,78): warning C4244: 'argument': conversion from 'int' to 'float', possible loss of data
F:\GithubRepository\OOP-Project-ChessGame\ChessGame\ChessGame\ChessBoard.cpp(212,89): warning C4244: 'argument': conversion from 'int' to 'float', possible loss of data
  EventInput.cpp
F:\GithubRepository\OOP-Project-ChessGame\ChessGame\ChessGame\EventInput.cpp(37,148): warning C4244: 'argument': conversion from 'T' to 'T', possible loss of data
          with
          [
              T=int
          ]
          and
          [
              T=float
          ]
F:\GithubRepository\OOP-Project-ChessGame\ChessGame\ChessGame\EventInput.cpp(37,91): warning C4244: 'argument': conversion from 'T' to 'T', possible loss of data
          with
          [
              T=int
          ]
          and
          [
              T=float
          ]
F:\GithubRepository\OOP-Project-ChessGame\ChessGame\ChessGame\EventInput.cpp(43,67): warning C4244: '=': conversion from 'T' to 'int', possible loss of data
          with
          [
              T=float
          ]
F:\GithubRepository\OOP-Project-ChessGame\ChessGame\ChessGame\EventInput.cpp(44,67): warning C4244: '=': conversion from 'T' to 'int', possible loss of data
          with
          [
              T=float
          ]
F:\GithubRepository\OOP-Project-ChessGame\ChessGame\ChessGame\EventInput.cpp(60,73): warning C4244: 'argument': conversion from 'int' to 'float', possible loss of data
  Game.cpp
F:\GithubRepository\OOP-Project-ChessGame\ChessGame\ChessGame\Game.cpp(426,181): warning C4244: 'argument': conversion from 'int' to 'T', possible loss of data
          with
          [
              T=float
          ]
F:\GithubRepository\OOP-Project-ChessGame\ChessGame\ChessGame\Game.cpp(426,105): warning C4244: 'argument': conversion from 'int' to 'T', possible loss of data
          with
          [
              T=float
          ]
F:\GithubRepository\OOP-Project-ChessGame\ChessGame\ChessGame\Game.cpp(427,192): warning C4244: 'argument': conversion from 'int' to 'T', possible loss of data
          with
          [
              T=float
          ]
F:\GithubRepository\OOP-Project-ChessGame\ChessGame\ChessGame\Game.cpp(427,112): warning C4244: 'argument': conversion from 'int' to 'T', possible loss of data
          with
          [
              T=float
          ]
F:\GithubRepository\OOP-Project-ChessGame\ChessGame\ChessGame\Game.cpp(475,86): warning C4244: 'argument': conversion from 'int' to 'T', possible loss of data
          with
          [
              T=float
          ]
F:\GithubRepository\OOP-Project-ChessGame\ChessGame\ChessGame\Game.cpp(475,59): warning C4244: 'argument': conversion from 'int' to 'T', possible loss of data
          with
          [
              T=float
          ]
F:\GithubRepository\OOP-Project-ChessGame\ChessGame\ChessGame\Game.cpp(476,86): warning C4244: 'argument': conversion from 'int' to 'T', possible loss of data
          with
          [
              T=float
          ]
F:\GithubRepository\OOP-Project-ChessGame\ChessGame\ChessGame\Game.cpp(476,59): warning C4244: 'argument': conversion from 'int' to 'T', possible loss of data
          with
          [
              T=float
          ]
  GameMenu.cpp
F:\GithubRepository\OOP-Project-ChessGame\ChessGame\ChessGame\GameMenu.cpp(108,24): warning C4553: '==': result of expression not used; did you intend '='?
F:\GithubRepository\OOP-Project-ChessGame\ChessGame\ChessGame\GameMenu.cpp(120,24): warning C4553: '==': result of expression not used; did you intend '='?
F:\GithubRepository\OOP-Project-ChessGame\ChessGame\ChessGame\GameMenu.cpp(172,69): warning C4244: 'argument': conversion from 'T' to 'float', possible loss of data
          with
          [
              T=unsigned int
          ]
F:\GithubRepository\OOP-Project-ChessGame\ChessGame\ChessGame\GameMenu.cpp(198,64): warning C4244: 'argument': conversion from 'double' to 'float', possible loss of data
F:\GithubRepository\OOP-Project-ChessGame\ChessGame\ChessGame\GameMenu.cpp(199,64): warning C4244: 'argument': conversion from 'double' to 'float', possible loss of data
F:\GithubRepository\OOP-Project-ChessGame\ChessGame\ChessGame\GameMenu.cpp(222,20): warning C4244: '=': conversion from 'T' to 'int', possible loss of data
          with
          [
              T=float
          ]
F:\GithubRepository\OOP-Project-ChessGame\ChessGame\ChessGame\GameMenu.cpp(223,20): warning C4244: '=': conversion from 'T' to 'int', possible loss of data
          with
          [
              T=float
          ]
F:\GithubRepository\OOP-Project-ChessGame\ChessGame\ChessGame\GameMenu.cpp(230,20): warning C4244: '=': conversion from 'T' to 'int', possible loss of data
          with
          [
              T=float
          ]
F:\GithubRepository\OOP-Project-ChessGame\ChessGame\ChessGame\GameMenu.cpp(231,20): warning C4244: '=': conversion from 'T' to 'int', possible loss of data
          with
          [
              T=float
          ]
F:\GithubRepository\OOP-Project-ChessGame\ChessGame\ChessGame\GameMenu.cpp(255,46): warning C4244: 'argument': conversion from 'int' to 'float', possible loss of data
F:\GithubRepository\OOP-Project-ChessGame\ChessGame\ChessGame\GameMenu.cpp(259,46): warning C4244: 'argument': conversion from 'int' to 'float', possible loss of data
F:\GithubRepository\OOP-Project-ChessGame\ChessGame\ChessGame\GameMenu.cpp(273,74): warning C4244: '=': conversion from 'double' to 'int', possible loss of data
F:\GithubRepository\OOP-Project-ChessGame\ChessGame\ChessGame\GameMenu.cpp(274,74): warning C4244: '=': conversion from 'double' to 'int', possible loss of data
F:\GithubRepository\OOP-Project-ChessGame\ChessGame\ChessGame\GameMenu.cpp(292,71): warning C4244: 'argument': conversion from 'T' to 'float', possible loss of data
          with
          [
              T=unsigned int
          ]
F:\GithubRepository\OOP-Project-ChessGame\ChessGame\ChessGame\GameMenu.cpp(302,70): warning C4244: 'argument': conversion from 'T' to 'float', possible loss of data
          with
          [
              T=unsigned int
          ]
F:\GithubRepository\OOP-Project-ChessGame\ChessGame\ChessGame\GameMenu.cpp(316,69): warning C4244: 'argument': conversion from 'T' to 'float', possible loss of data
          with
          [
              T=unsigned int
          ]
  GameMusic.cpp
F:\GithubRepository\OOP-Project-ChessGame\ChessGame\ChessGame\GameMusic.cpp(52,29): warning C4244: 'argument': conversion from 'int' to 'float', possible loss of data
  GameSound.cpp
F:\GithubRepository\OOP-Project-ChessGame\ChessGame\ChessGame\GameSound.cpp(40,29): warning C4244: 'argument': conversion from 'int' to 'float', possible loss of data
  GameWindow.cpp
  King.cpp
F:\GithubRepository\OOP-Project-ChessGame\ChessGame\ChessGame\King.cpp(28,99): warning C4244: 'argument': conversion from 'int' to 'float', possible loss of data
F:\GithubRepository\OOP-Project-ChessGame\ChessGame\ChessGame\King.cpp(28,42): warning C4244: 'argument': conversion from 'int' to 'float', possible loss of data
  Knight.cpp
F:\GithubRepository\OOP-Project-ChessGame\ChessGame\ChessGame\Knight.cpp(26,99): warning C4244: 'argument': conversion from 'int' to 'float', possible loss of data
F:\GithubRepository\OOP-Project-ChessGame\ChessGame\ChessGame\Knight.cpp(26,42): warning C4244: 'argument': conversion from 'int' to 'float', possible loss of data
  main.cpp
  Mouse.cpp
F:\GithubRepository\OOP-Project-ChessGame\ChessGame\ChessGame\Mouse.cpp(30,78): warning C4244: 'argument': conversion from 'T' to 'float', possible loss of data
          with
          [
              T=int
          ]
F:\GithubRepository\OOP-Project-ChessGame\ChessGame\ChessGame\Mouse.cpp(30,54): warning C4244: 'argument': conversion from 'T' to 'float', possible loss of data
          with
          [
              T=int
          ]
F:\GithubRepository\OOP-Project-ChessGame\ChessGame\ChessGame\Mouse.cpp(38,87): warning C4244: 'argument': conversion from 'T' to 'T', possible loss of data
          with
          [
              T=int
          ]
          and
          [
              T=float
          ]
F:\GithubRepository\OOP-Project-ChessGame\ChessGame\ChessGame\Mouse.cpp(38,63): warning C4244: 'argument': conversion from 'T' to 'T', possible loss of data
          with
          [
              T=int
          ]
          and
          [
              T=float
          ]
F:\GithubRepository\OOP-Project-ChessGame\ChessGame\ChessGame\Mouse.cpp(68,30): warning C4244: '=': conversion from 'T' to 'T', possible loss of data
          with
          [
              T=int
          ]
          and
          [
              T=float
          ]
F:\GithubRepository\OOP-Project-ChessGame\ChessGame\ChessGame\Mouse.cpp(69,30): warning C4244: '=': conversion from 'T' to 'T', possible loss of data
          with
          [
              T=int
          ]
          and
          [
              T=float
          ]
  Pawn.cpp
F:\GithubRepository\OOP-Project-ChessGame\ChessGame\ChessGame\Pawn.cpp(28,99): warning C4244: 'argument': conversion from 'int' to 'float', possible loss of data
F:\GithubRepository\OOP-Project-ChessGame\ChessGame\ChessGame\Pawn.cpp(28,42): warning C4244: 'argument': conversion from 'int' to 'float', possible loss of data
  Piece.cpp
F:\GithubRepository\OOP-Project-ChessGame\ChessGame\ChessGame\Piece.cpp(39,20): warning C4018: '<': signed/unsigned mismatch
F:\GithubRepository\OOP-Project-ChessGame\ChessGame\ChessGame\Piece.cpp(59,21): warning C4018: '<': signed/unsigned mismatch
  PieceSet.cpp
F:\GithubRepository\OOP-Project-ChessGame\ChessGame\ChessGame\PieceSet.cpp(106,20): warning C4018: '<': signed/unsigned mismatch
F:\GithubRepository\OOP-Project-ChessGame\ChessGame\ChessGame\PieceSet.cpp(112,20): warning C4018: '<': signed/unsigned mismatch
F:\GithubRepository\OOP-Project-ChessGame\ChessGame\ChessGame\PieceSet.cpp(213,20): warning C4018: '<': signed/unsigned mismatch
F:\GithubRepository\OOP-Project-ChessGame\ChessGame\ChessGame\PieceSet.cpp(219,20): warning C4018: '<': signed/unsigned mismatch
F:\GithubRepository\OOP-Project-ChessGame\ChessGame\ChessGame\PieceSet.cpp(227,20): warning C4018: '<': signed/unsigned mismatch
  Player.cpp
  Queen.cpp
F:\GithubRepository\OOP-Project-ChessGame\ChessGame\ChessGame\Queen.cpp(26,99): warning C4244: 'argument': conversion from 'int' to 'float', possible loss of data
F:\GithubRepository\OOP-Project-ChessGame\ChessGame\ChessGame\Queen.cpp(26,42): warning C4244: 'argument': conversion from 'int' to 'float', possible loss of data
  Rook.cpp
F:\GithubRepository\OOP-Project-ChessGame\ChessGame\ChessGame\Rook.cpp(26,99): warning C4244: 'argument': conversion from 'int' to 'float', possible loss of data
F:\GithubRepository\OOP-Project-ChessGame\ChessGame\ChessGame\Rook.cpp(26,42): warning C4244: 'argument': conversion from 'int' to 'float', possible loss of data
  Square.cpp
  Generating code
  Previous IPDB not found, fall back to full compilation.
F:\GithubRepository\OOP-Project-ChessGame\ChessGame\ChessGame\ChessBoard.cpp(87): warning C4715: 'ChessBoard::squareColor': not all control paths return a value
F:\GithubRepository\OOP-Project-ChessGame\ChessGame\ChessGame\PieceSet.cpp(224): warning C4715: 'PieceSet::cpuSelectionPiece': not all control paths return a value
F:\GithubRepository\OOP-Project-ChessGame\ChessGame\ChessGame\Game.cpp(551): warning C4715: 'Game::getIconProcessingType': not all control paths return a value
  All 457 functions were compiled because no usable IPDB/IOBJ from previous compilation was found.
  Finished generating code
  ChessGame.vcxproj -> F:\GithubRepository\OOP-Project-ChessGame\ChessGame\Release\ChessGame.exe
